

Started GET "/assets/rails.png" for 127.0.0.1 at 2014-10-29 22:39:31 +0200

NoMethodError (undefined method `whitelist_attributes=' for #<Class:0x007ff7d2593400>):
  activerecord (4.1.1) lib/active_record/dynamic_matchers.rb:26:in `method_missing'
  activerecord (4.1.1) lib/active_record/railtie.rb:110:in `block (3 levels) in <class:Railtie>'
  activerecord (4.1.1) lib/active_record/railtie.rb:109:in `each'
  activerecord (4.1.1) lib/active_record/railtie.rb:109:in `block (2 levels) in <class:Railtie>'
  activesupport (4.1.1) lib/active_support/lazy_load_hooks.rb:38:in `instance_eval'
  activesupport (4.1.1) lib/active_support/lazy_load_hooks.rb:38:in `execute_hook'
  activesupport (4.1.1) lib/active_support/lazy_load_hooks.rb:45:in `block in run_load_hooks'
  activesupport (4.1.1) lib/active_support/lazy_load_hooks.rb:44:in `each'
  activesupport (4.1.1) lib/active_support/lazy_load_hooks.rb:44:in `run_load_hooks'
  activerecord (4.1.1) lib/active_record/base.rb:326:in `<module:ActiveRecord>'
  activerecord (4.1.1) lib/active_record/base.rb:23:in `<top (required)>'
  activerecord (4.1.1) lib/active_record/connection_adapters/abstract/connection_pool.rb:628:in `rescue in call'
  activerecord (4.1.1) lib/active_record/connection_adapters/abstract/connection_pool.rb:619:in `call'
  actionpack (4.1.1) lib/action_dispatch/middleware/callbacks.rb:29:in `block in call'
  activesupport (4.1.1) lib/active_support/callbacks.rb:82:in `run_callbacks'
  actionpack (4.1.1) lib/action_dispatch/middleware/callbacks.rb:27:in `call'
  actionpack (4.1.1) lib/action_dispatch/middleware/reloader.rb:73:in `call'
  actionpack (4.1.1) lib/action_dispatch/middleware/remote_ip.rb:76:in `call'
  actionpack (4.1.1) lib/action_dispatch/middleware/debug_exceptions.rb:17:in `call'
  actionpack (4.1.1) lib/action_dispatch/middleware/show_exceptions.rb:30:in `call'
  railties (4.1.1) lib/rails/rack/logger.rb:38:in `call_app'
  railties (4.1.1) lib/rails/rack/logger.rb:20:in `block in call'
  activesupport (4.1.1) lib/active_support/tagged_logging.rb:68:in `block in tagged'
  activesupport (4.1.1) lib/active_support/tagged_logging.rb:26:in `tagged'
  activesupport (4.1.1) lib/active_support/tagged_logging.rb:68:in `tagged'
  railties (4.1.1) lib/rails/rack/logger.rb:20:in `call'
  actionpack (4.1.1) lib/action_dispatch/middleware/request_id.rb:21:in `call'
  rack (1.5.2) lib/rack/methodoverride.rb:21:in `call'
  rack (1.5.2) lib/rack/runtime.rb:17:in `call'
  activesupport (4.1.1) lib/active_support/cache/strategy/local_cache_middleware.rb:26:in `call'
  rack (1.5.2) lib/rack/lock.rb:17:in `call'
  actionpack (4.1.1) lib/action_dispatch/middleware/static.rb:64:in `call'
  rack (1.5.2) lib/rack/sendfile.rb:112:in `call'
  railties (4.1.1) lib/rails/engine.rb:514:in `call'
  railties (4.1.1) lib/rails/application.rb:144:in `call'
  rack (1.5.2) lib/rack/lock.rb:17:in `call'
  rack (1.5.2) lib/rack/content_length.rb:14:in `call'
  rack (1.5.2) lib/rack/handler/webrick.rb:60:in `service'
  /Users/dmut/.rbenv/versions/2.1.3/lib/ruby/2.1.0/webrick/httpserver.rb:138:in `service'
  /Users/dmut/.rbenv/versions/2.1.3/lib/ruby/2.1.0/webrick/httpserver.rb:94:in `run'
  /Users/dmut/.rbenv/versions/2.1.3/lib/ruby/2.1.0/webrick/server.rb:295:in `block in start_thread'


  Rendered /Users/dmut/.rbenv/versions/2.1.3/lib/ruby/gems/2.1.0/gems/actionpack-4.1.1/lib/action_dispatch/middleware/templates/rescues/_source.erb (0.4ms)
  Rendered /Users/dmut/.rbenv/versions/2.1.3/lib/ruby/gems/2.1.0/gems/actionpack-4.1.1/lib/action_dispatch/middleware/templates/rescues/_trace.html.erb (0.9ms)
  Rendered /Users/dmut/.rbenv/versions/2.1.3/lib/ruby/gems/2.1.0/gems/actionpack-4.1.1/lib/action_dispatch/middleware/templates/rescues/_request_and_response.html.erb (0.7ms)
  Rendered /Users/dmut/.rbenv/versions/2.1.3/lib/ruby/gems/2.1.0/gems/actionpack-4.1.1/lib/action_dispatch/middleware/templates/rescues/diagnostics.erb within rescues/layout (14.0ms)
  [1m[36m (3.2ms)[0m  [1mCREATE TABLE "schema_migrations" ("version" varchar(255) NOT NULL) [0m
  [1m[35m (0.1ms)[0m  select sqlite_version(*)
  [1m[36m (2.6ms)[0m  [1mCREATE UNIQUE INDEX "unique_schema_migrations" ON "schema_migrations" ("version")[0m
  [1m[35mActiveRecord::SchemaMigration Load (0.1ms)[0m  SELECT "schema_migrations".* FROM "schema_migrations"
Migrating to CreateCountries (20141029204812)
  [1m[36m (0.0ms)[0m  [1mbegin transaction[0m
  [1m[35m (0.3ms)[0m  CREATE TABLE "countries" ("id" INTEGER PRIMARY KEY AUTOINCREMENT NOT NULL, "country_code" varchar(255) DEFAULT '' NOT NULL, "panel_provider_id" integer, "created_at" datetime, "updated_at" datetime) 
  [1m[36mSQL (0.1ms)[0m  [1mINSERT INTO "schema_migrations" ("version") VALUES (?)[0m  [["version", "20141029204812"]]
  [1m[35m (2.6ms)[0m  commit transaction
Migrating to CreateLocations (20141029204930)
  [1m[36m (0.0ms)[0m  [1mbegin transaction[0m
  [1m[35m (0.3ms)[0m  CREATE TABLE "locations" ("id" INTEGER PRIMARY KEY AUTOINCREMENT NOT NULL, "name" varchar(255) DEFAULT '' NOT NULL, "external_id" integer, "secret_code" varchar(255) DEFAULT '', "country_id" integer, "created_at" datetime, "updated_at" datetime) 
  [1m[36mSQL (0.1ms)[0m  [1mINSERT INTO "schema_migrations" ("version") VALUES (?)[0m  [["version", "20141029204930"]]
  [1m[35m (2.5ms)[0m  commit transaction
Migrating to CreateLocationGroups (20141029204951)
  [1m[36m (0.0ms)[0m  [1mbegin transaction[0m
  [1m[35m (0.2ms)[0m  CREATE TABLE "location_groups" ("id" INTEGER PRIMARY KEY AUTOINCREMENT NOT NULL, "name" varchar(255) DEFAULT '' NOT NULL, "created_at" datetime, "updated_at" datetime) 
  [1m[36mSQL (0.1ms)[0m  [1mINSERT INTO "schema_migrations" ("version") VALUES (?)[0m  [["version", "20141029204951"]]
  [1m[35m (2.5ms)[0m  commit transaction
Migrating to CreatePanelProviders (20141029205013)
  [1m[36m (0.0ms)[0m  [1mbegin transaction[0m
  [1m[35m (0.2ms)[0m  CREATE TABLE "panel_providers" ("id" INTEGER PRIMARY KEY AUTOINCREMENT NOT NULL, "code" varchar(255) DEFAULT '' NOT NULL, "created_at" datetime, "updated_at" datetime) 
  [1m[36mSQL (0.1ms)[0m  [1mINSERT INTO "schema_migrations" ("version") VALUES (?)[0m  [["version", "20141029205013"]]
  [1m[35m (2.5ms)[0m  commit transaction
Migrating to CreateTargetGroups (20141029205032)
  [1m[36m (0.0ms)[0m  [1mbegin transaction[0m
  [1m[35m (0.2ms)[0m  CREATE TABLE "target_groups" ("id" INTEGER PRIMARY KEY AUTOINCREMENT NOT NULL, "name" varchar(255) DEFAULT '' NOT NULL, "external_id" integer, "parent_id" integer, "secret_code" varchar(255) DEFAULT '', "created_at" datetime, "updated_at" datetime) 
  [1m[36mSQL (0.1ms)[0m  [1mINSERT INTO "schema_migrations" ("version") VALUES (?)[0m  [["version", "20141029205032"]]
  [1m[35m (2.4ms)[0m  commit transaction
  [1m[36mActiveRecord::SchemaMigration Load (0.1ms)[0m  [1mSELECT "schema_migrations".* FROM "schema_migrations"[0m
  [1m[36mActiveRecord::SchemaMigration Load (0.1ms)[0m  [1mSELECT "schema_migrations".* FROM "schema_migrations"[0m
  [1m[35mActiveRecord::SchemaMigration Load (0.1ms)[0m  SELECT "schema_migrations".* FROM "schema_migrations"
  [1m[36mActiveRecord::SchemaMigration Load (0.1ms)[0m  [1mSELECT "schema_migrations".* FROM "schema_migrations"[0m
Migrating to AddAssocForCountries (20141029233134)
  [1m[35m (0.0ms)[0m  begin transaction
  [1m[36m (0.1ms)[0m  [1mCREATE TABLE "countries_location_groups" () [0m
SQLite3::SQLException: near ")": syntax error: CREATE TABLE "countries_location_groups" () 
  [1m[35m (0.0ms)[0m  rollback transaction
  [1m[36mActiveRecord::SchemaMigration Load (0.1ms)[0m  [1mSELECT "schema_migrations".* FROM "schema_migrations"[0m
Migrating to AddAssocForCountries (20141029233134)
  [1m[35m (0.0ms)[0m  begin transaction
  [1m[36m (0.3ms)[0m  [1mCREATE TABLE "countries_location_groups" ("id" INTEGER PRIMARY KEY AUTOINCREMENT NOT NULL) [0m
  [1m[35m (0.0ms)[0m  select sqlite_version(*)
  [1m[36m (0.1ms)[0m  [1mCREATE  INDEX "index_countries_location_groups_on_country_id" ON "countries_location_groups" ("country_id")[0m
SQLite3::SQLException: table countries_location_groups has no column named country_id: CREATE  INDEX "index_countries_location_groups_on_country_id" ON "countries_location_groups" ("country_id")
  [1m[35m (2.3ms)[0m  rollback transaction
  [1m[36mActiveRecord::SchemaMigration Load (0.1ms)[0m  [1mSELECT "schema_migrations".* FROM "schema_migrations"[0m
Migrating to AddAssocForCountries (20141029233134)
  [1m[35m (0.0ms)[0m  begin transaction
  [1m[36m (0.3ms)[0m  [1mCREATE TABLE "countries_location_groups" ("id" INTEGER PRIMARY KEY AUTOINCREMENT NOT NULL, "country_id" integer, "location_group_id" integer) [0m
  [1m[35m (0.1ms)[0m  select sqlite_version(*)
  [1m[36m (2.2ms)[0m  [1mrollback transaction[0m
  [1m[36mActiveRecord::SchemaMigration Load (0.1ms)[0m  [1mSELECT "schema_migrations".* FROM "schema_migrations"[0m
Migrating to AddAssocForCountries (20141029233134)
  [1m[35m (0.0ms)[0m  begin transaction
  [1m[36m (0.3ms)[0m  [1mCREATE TABLE "countries_location_groups" ("id" INTEGER PRIMARY KEY AUTOINCREMENT NOT NULL, "country_id" integer, "location_group_id" integer) [0m
  [1m[35m (0.1ms)[0m  select sqlite_version(*)
  [1m[36m (0.1ms)[0m  [1mCREATE  INDEX "index_countries_location_groups_on_country_id" ON "countries_location_groups" ("country_id")[0m
  [1m[35m (0.1ms)[0m              SELECT sql
            FROM sqlite_master
            WHERE name='index_countries_location_groups_on_country_id' AND type='index'
            UNION ALL
            SELECT sql
            FROM sqlite_temp_master
            WHERE name='index_countries_location_groups_on_country_id' AND type='index'

  [1m[36m (0.1ms)[0m  [1mCREATE  INDEX "index_countries_location_groups_on_location_group_id" ON "countries_location_groups" ("location_group_id")[0m
  [1m[35m (0.1ms)[0m  CREATE TABLE "countries_target_groups" ("id" INTEGER PRIMARY KEY AUTOINCREMENT NOT NULL, "country_id" integer, "target_group_id" integer) 
  [1m[36m (0.1ms)[0m  [1mCREATE  INDEX "index_countries_target_groups_on_country_id" ON "countries_target_groups" ("country_id")[0m
  [1m[35m (0.1ms)[0m              SELECT sql
            FROM sqlite_master
            WHERE name='index_countries_target_groups_on_country_id' AND type='index'
            UNION ALL
            SELECT sql
            FROM sqlite_temp_master
            WHERE name='index_countries_target_groups_on_country_id' AND type='index'

  [1m[36m (0.1ms)[0m  [1mCREATE  INDEX "index_countries_target_groups_on_target_group_id" ON "countries_target_groups" ("target_group_id")[0m
  [1m[35mSQL (0.1ms)[0m  INSERT INTO "schema_migrations" ("version") VALUES (?)  [["version", "20141029233134"]]
  [1m[36m (3.3ms)[0m  [1mcommit transaction[0m
Migrating to AddAssocForLocations (20141029233551)
  [1m[35m (0.1ms)[0m  begin transaction
  [1m[36m (0.3ms)[0m  [1mCREATE TABLE "locations_location_groups" ("id" INTEGER PRIMARY KEY AUTOINCREMENT NOT NULL, "location_id" integer, "location_group_id" integer) [0m
  [1m[35m (0.1ms)[0m  CREATE  INDEX "index_locations_location_groups_on_location_id" ON "locations_location_groups" ("location_id")
  [1m[36m (0.1ms)[0m  [1m            SELECT sql
            FROM sqlite_master
            WHERE name='index_locations_location_groups_on_location_id' AND type='index'
            UNION ALL
            SELECT sql
            FROM sqlite_temp_master
            WHERE name='index_locations_location_groups_on_location_id' AND type='index'
[0m
  [1m[35m (0.1ms)[0m  CREATE  INDEX "index_locations_location_groups_on_location_group_id" ON "locations_location_groups" ("location_group_id")
  [1m[36mSQL (0.1ms)[0m  [1mINSERT INTO "schema_migrations" ("version") VALUES (?)[0m  [["version", "20141029233551"]]
  [1m[35m (3.1ms)[0m  commit transaction
  [1m[36mActiveRecord::SchemaMigration Load (0.1ms)[0m  [1mSELECT "schema_migrations".* FROM "schema_migrations"[0m
  [1m[35m (0.1ms)[0m              SELECT sql
            FROM sqlite_master
            WHERE name='index_countries_location_groups_on_location_group_id' AND type='index'
            UNION ALL
            SELECT sql
            FROM sqlite_temp_master
            WHERE name='index_countries_location_groups_on_location_group_id' AND type='index'

  [1m[36m (0.1ms)[0m  [1m            SELECT sql
            FROM sqlite_master
            WHERE name='index_countries_location_groups_on_country_id' AND type='index'
            UNION ALL
            SELECT sql
            FROM sqlite_temp_master
            WHERE name='index_countries_location_groups_on_country_id' AND type='index'
[0m
  [1m[35m (0.1ms)[0m              SELECT sql
            FROM sqlite_master
            WHERE name='index_countries_target_groups_on_target_group_id' AND type='index'
            UNION ALL
            SELECT sql
            FROM sqlite_temp_master
            WHERE name='index_countries_target_groups_on_target_group_id' AND type='index'

  [1m[36m (0.1ms)[0m  [1m            SELECT sql
            FROM sqlite_master
            WHERE name='index_countries_target_groups_on_country_id' AND type='index'
            UNION ALL
            SELECT sql
            FROM sqlite_temp_master
            WHERE name='index_countries_target_groups_on_country_id' AND type='index'
[0m
  [1m[35m (0.1ms)[0m              SELECT sql
            FROM sqlite_master
            WHERE name='index_locations_location_groups_on_location_group_id' AND type='index'
            UNION ALL
            SELECT sql
            FROM sqlite_temp_master
            WHERE name='index_locations_location_groups_on_location_group_id' AND type='index'

  [1m[36m (0.1ms)[0m  [1m            SELECT sql
            FROM sqlite_master
            WHERE name='index_locations_location_groups_on_location_id' AND type='index'
            UNION ALL
            SELECT sql
            FROM sqlite_temp_master
            WHERE name='index_locations_location_groups_on_location_id' AND type='index'
[0m
  [1m[36mActiveRecord::SchemaMigration Load (0.1ms)[0m  [1mSELECT "schema_migrations".* FROM "schema_migrations"[0m
  [1m[35mActiveRecord::SchemaMigration Load (0.1ms)[0m  SELECT "schema_migrations".* FROM "schema_migrations"
Migrating to AddAssocForLocations (20141029233551)
  [1m[36m (0.1ms)[0m  [1mbegin transaction[0m
  [1m[35m (0.1ms)[0m              SELECT sql
            FROM sqlite_master
            WHERE name='index_locations_location_groups_on_location_group_id' AND type='index'
            UNION ALL
            SELECT sql
            FROM sqlite_temp_master
            WHERE name='index_locations_location_groups_on_location_group_id' AND type='index'

  [1m[36m (0.0ms)[0m  [1m            SELECT sql
            FROM sqlite_master
            WHERE name='index_locations_location_groups_on_location_id' AND type='index'
            UNION ALL
            SELECT sql
            FROM sqlite_temp_master
            WHERE name='index_locations_location_groups_on_location_id' AND type='index'
[0m
  [1m[35m (0.0ms)[0m  rollback transaction
  [1m[36mActiveRecord::SchemaMigration Load (0.1ms)[0m  [1mSELECT "schema_migrations".* FROM "schema_migrations"[0m
  [1m[35mActiveRecord::SchemaMigration Load (0.1ms)[0m  SELECT "schema_migrations".* FROM "schema_migrations"
Migrating to AddAssocForLocations (20141029233551)
  [1m[36m (0.1ms)[0m  [1mbegin transaction[0m
  [1m[35m (0.1ms)[0m              SELECT sql
            FROM sqlite_master
            WHERE name='index_locations_location_groups_on_location_group_id' AND type='index'
            UNION ALL
            SELECT sql
            FROM sqlite_temp_master
            WHERE name='index_locations_location_groups_on_location_group_id' AND type='index'

  [1m[36m (0.1ms)[0m  [1m            SELECT sql
            FROM sqlite_master
            WHERE name='index_locations_location_groups_on_location_id' AND type='index'
            UNION ALL
            SELECT sql
            FROM sqlite_temp_master
            WHERE name='index_locations_location_groups_on_location_id' AND type='index'
[0m
  [1m[35m (0.0ms)[0m  rollback transaction
  [1m[36mActiveRecord::SchemaMigration Load (0.1ms)[0m  [1mSELECT "schema_migrations".* FROM "schema_migrations"[0m
  [1m[35mActiveRecord::SchemaMigration Load (0.1ms)[0m  SELECT "schema_migrations".* FROM "schema_migrations"
Migrating to AddAssocForLocations (20141029233551)
  [1m[36m (0.0ms)[0m  [1mbegin transaction[0m
  [1m[35m (0.1ms)[0m              SELECT sql
            FROM sqlite_master
            WHERE name='index_locations_location_groups_on_location_group_id' AND type='index'
            UNION ALL
            SELECT sql
            FROM sqlite_temp_master
            WHERE name='index_locations_location_groups_on_location_group_id' AND type='index'

  [1m[36m (0.1ms)[0m  [1m            SELECT sql
            FROM sqlite_master
            WHERE name='index_locations_location_groups_on_location_id' AND type='index'
            UNION ALL
            SELECT sql
            FROM sqlite_temp_master
            WHERE name='index_locations_location_groups_on_location_id' AND type='index'
[0m
  [1m[35m (0.0ms)[0m  rollback transaction
  [1m[36mActiveRecord::SchemaMigration Load (0.1ms)[0m  [1mSELECT "schema_migrations".* FROM "schema_migrations"[0m
  [1m[35mActiveRecord::SchemaMigration Load (0.1ms)[0m  SELECT "schema_migrations".* FROM "schema_migrations"
Migrating to AddAssocForLocations (20141029233551)
  [1m[36m (0.0ms)[0m  [1mbegin transaction[0m
  [1m[35m (0.1ms)[0m              SELECT sql
            FROM sqlite_master
            WHERE name='index_locations_location_groups_on_location_group_id' AND type='index'
            UNION ALL
            SELECT sql
            FROM sqlite_temp_master
            WHERE name='index_locations_location_groups_on_location_group_id' AND type='index'

  [1m[36m (0.1ms)[0m  [1m            SELECT sql
            FROM sqlite_master
            WHERE name='index_locations_location_groups_on_location_id' AND type='index'
            UNION ALL
            SELECT sql
            FROM sqlite_temp_master
            WHERE name='index_locations_location_groups_on_location_id' AND type='index'
[0m
  [1m[35m (0.3ms)[0m  DROP INDEX "index_locations_location_groups_on_location_id"
  [1m[36m (0.0ms)[0m  [1m            SELECT sql
            FROM sqlite_master
            WHERE name='index_locations_location_groups_on_location_group_id' AND type='index'
            UNION ALL
            SELECT sql
            FROM sqlite_temp_master
            WHERE name='index_locations_location_groups_on_location_group_id' AND type='index'
[0m
  [1m[35m (0.8ms)[0m  DROP INDEX "index_locations_location_groups_on_location_group_id"
  [1m[36m (0.1ms)[0m  [1mDROP TABLE "locations_location_groups"[0m
  [1m[35mSQL (0.1ms)[0m  DELETE FROM "schema_migrations" WHERE "schema_migrations"."version" = '20141029233551'
  [1m[36m (3.5ms)[0m  [1mcommit transaction[0m
Migrating to AddAssocForCountries (20141029233134)
  [1m[35m (0.1ms)[0m  begin transaction
  [1m[36m (0.3ms)[0m  [1mDROP TABLE "countries_location_groups"[0m
  [1m[35m (0.3ms)[0m  DROP TABLE "countries_target_groups"
  [1m[36mSQL (0.1ms)[0m  [1mDELETE FROM "schema_migrations" WHERE "schema_migrations"."version" = '20141029233134'[0m
  [1m[35m (2.8ms)[0m  commit transaction
  [1m[36mActiveRecord::SchemaMigration Load (0.1ms)[0m  [1mSELECT "schema_migrations".* FROM "schema_migrations"[0m
  [1m[36m (0.1ms)[0m  [1mSELECT version FROM schema_migrations[0m
  [1m[36mActiveRecord::SchemaMigration Load (0.1ms)[0m  [1mSELECT "schema_migrations".* FROM "schema_migrations"[0m
Migrating to AddAssocForCountries (20141029233134)
  [1m[35m (0.1ms)[0m  begin transaction
  [1m[36m (0.3ms)[0m  [1mCREATE TABLE "countries_location_groups" ("id" INTEGER PRIMARY KEY AUTOINCREMENT NOT NULL, "country_id" integer, "location_group_id" integer) [0m
  [1m[35m (0.0ms)[0m  select sqlite_version(*)
  [1m[36m (0.1ms)[0m  [1mCREATE  INDEX "index_countries_location_groups_on_country_id" ON "countries_location_groups" ("country_id")[0m
  [1m[35m (0.1ms)[0m              SELECT sql
            FROM sqlite_master
            WHERE name='index_countries_location_groups_on_country_id' AND type='index'
            UNION ALL
            SELECT sql
            FROM sqlite_temp_master
            WHERE name='index_countries_location_groups_on_country_id' AND type='index'

  [1m[36m (0.1ms)[0m  [1mCREATE  INDEX "index_countries_location_groups_on_location_group_id" ON "countries_location_groups" ("location_group_id")[0m
  [1m[35m (0.1ms)[0m  CREATE TABLE "countries_target_groups" ("id" INTEGER PRIMARY KEY AUTOINCREMENT NOT NULL, "country_id" integer, "target_group_id" integer) 
  [1m[36m (0.1ms)[0m  [1m            SELECT sql
            FROM sqlite_master
            WHERE name='index_countries_location_groups_on_location_group_id' AND type='index'
            UNION ALL
            SELECT sql
            FROM sqlite_temp_master
            WHERE name='index_countries_location_groups_on_location_group_id' AND type='index'
[0m
  [1m[35m (0.1ms)[0m              SELECT sql
            FROM sqlite_master
            WHERE name='index_countries_location_groups_on_country_id' AND type='index'
            UNION ALL
            SELECT sql
            FROM sqlite_temp_master
            WHERE name='index_countries_location_groups_on_country_id' AND type='index'

  [1m[36m (2.1ms)[0m  [1mrollback transaction[0m
  [1m[36mActiveRecord::SchemaMigration Load (0.1ms)[0m  [1mSELECT "schema_migrations".* FROM "schema_migrations"[0m
Migrating to AddAssocForCountries (20141029233134)
  [1m[35m (0.0ms)[0m  begin transaction
  [1m[36m (0.3ms)[0m  [1mCREATE TABLE "countries_location_groups" ("id" INTEGER PRIMARY KEY AUTOINCREMENT NOT NULL, "country_id" integer, "location_group_id" integer) [0m
  [1m[35m (0.0ms)[0m  select sqlite_version(*)
  [1m[36m (0.1ms)[0m  [1mCREATE  INDEX "index_countries_location_groups_on_country_id" ON "countries_location_groups" ("country_id")[0m
  [1m[35m (0.1ms)[0m              SELECT sql
            FROM sqlite_master
            WHERE name='index_countries_location_groups_on_country_id' AND type='index'
            UNION ALL
            SELECT sql
            FROM sqlite_temp_master
            WHERE name='index_countries_location_groups_on_country_id' AND type='index'

  [1m[36m (0.1ms)[0m  [1mCREATE  INDEX "index_countries_location_groups_on_location_group_id" ON "countries_location_groups" ("location_group_id")[0m
  [1m[35m (0.1ms)[0m  CREATE TABLE "countries_target_groups" ("id" INTEGER PRIMARY KEY AUTOINCREMENT NOT NULL, "country_id" integer, "target_group_id" integer) 
  [1m[36m (0.1ms)[0m  [1mCREATE  INDEX "index_countries_target_groups_on_country_id" ON "countries_target_groups" ("country_id")[0m
  [1m[35m (0.0ms)[0m              SELECT sql
            FROM sqlite_master
            WHERE name='index_countries_target_groups_on_country_id' AND type='index'
            UNION ALL
            SELECT sql
            FROM sqlite_temp_master
            WHERE name='index_countries_target_groups_on_country_id' AND type='index'

  [1m[36m (0.1ms)[0m  [1mCREATE  INDEX "index_countries_target_groups_on_target_group_id" ON "countries_target_groups" ("target_group_id")[0m
  [1m[35mSQL (0.1ms)[0m  INSERT INTO "schema_migrations" ("version") VALUES (?)  [["version", "20141029233134"]]
  [1m[36m (4.0ms)[0m  [1mcommit transaction[0m
Migrating to AddAssocForLocations (20141029233551)
  [1m[35m (0.1ms)[0m  begin transaction
  [1m[36m (0.3ms)[0m  [1mCREATE TABLE "locations_location_groups" ("id" INTEGER PRIMARY KEY AUTOINCREMENT NOT NULL, "location_id" integer, "location_group_id" integer) [0m
  [1m[35m (0.1ms)[0m  CREATE  INDEX "index_locations_location_groups_on_location_id" ON "locations_location_groups" ("location_id")
  [1m[36m (0.1ms)[0m  [1m            SELECT sql
            FROM sqlite_master
            WHERE name='index_locations_location_groups_on_location_id' AND type='index'
            UNION ALL
            SELECT sql
            FROM sqlite_temp_master
            WHERE name='index_locations_location_groups_on_location_id' AND type='index'
[0m
  [1m[35m (0.1ms)[0m  CREATE  INDEX "index_locations_location_groups_on_location_group_id" ON "locations_location_groups" ("location_group_id")
  [1m[36mSQL (0.1ms)[0m  [1mINSERT INTO "schema_migrations" ("version") VALUES (?)[0m  [["version", "20141029233551"]]
  [1m[35m (2.6ms)[0m  commit transaction
  [1m[36mActiveRecord::SchemaMigration Load (0.1ms)[0m  [1mSELECT "schema_migrations".* FROM "schema_migrations"[0m
  [1m[35m (0.1ms)[0m              SELECT sql
            FROM sqlite_master
            WHERE name='index_countries_location_groups_on_location_group_id' AND type='index'
            UNION ALL
            SELECT sql
            FROM sqlite_temp_master
            WHERE name='index_countries_location_groups_on_location_group_id' AND type='index'

  [1m[36m (0.1ms)[0m  [1m            SELECT sql
            FROM sqlite_master
            WHERE name='index_countries_location_groups_on_country_id' AND type='index'
            UNION ALL
            SELECT sql
            FROM sqlite_temp_master
            WHERE name='index_countries_location_groups_on_country_id' AND type='index'
[0m
  [1m[35m (0.1ms)[0m              SELECT sql
            FROM sqlite_master
            WHERE name='index_countries_target_groups_on_target_group_id' AND type='index'
            UNION ALL
            SELECT sql
            FROM sqlite_temp_master
            WHERE name='index_countries_target_groups_on_target_group_id' AND type='index'

  [1m[36m (0.1ms)[0m  [1m            SELECT sql
            FROM sqlite_master
            WHERE name='index_countries_target_groups_on_country_id' AND type='index'
            UNION ALL
            SELECT sql
            FROM sqlite_temp_master
            WHERE name='index_countries_target_groups_on_country_id' AND type='index'
[0m
  [1m[35m (0.1ms)[0m              SELECT sql
            FROM sqlite_master
            WHERE name='index_locations_location_groups_on_location_group_id' AND type='index'
            UNION ALL
            SELECT sql
            FROM sqlite_temp_master
            WHERE name='index_locations_location_groups_on_location_group_id' AND type='index'

  [1m[36m (0.1ms)[0m  [1m            SELECT sql
            FROM sqlite_master
            WHERE name='index_locations_location_groups_on_location_id' AND type='index'
            UNION ALL
            SELECT sql
            FROM sqlite_temp_master
            WHERE name='index_locations_location_groups_on_location_id' AND type='index'
[0m
